<?xml version='1.0' encoding='UTF-8'?>
<testsuite hostname="n182-p156.eduroam.kth.se" name="simpret.MainTestLab2" tests="67" errors="0" failures="0" skipped="0" time="0.544" timestamp="2022-05-19T15:41:12">
          <properties>
[...]
</properties>
          <testcase classname="simpret.MainTestLab2" name="step test PlusMinus-0.sint" time="0.104">
                      
                    </testcase><testcase classname="simpret.MainTestLab2" name="step test fix.sint" time="0.019">
                      
                    </testcase><testcase classname="simpret.MainTestLab2" name="step test fixBeta.sint" time="0.012">
                      
                    </testcase><testcase classname="simpret.MainTestLab2" name="step test headCons.sint" time="0.007">
                      
                    </testcase><testcase classname="simpret.MainTestLab2" name="step test headStep.sint" time="0.005">
                      
                    </testcase><testcase classname="simpret.MainTestLab2" name="step test isNilConst.sint" time="0.003">
                      
                    </testcase><testcase classname="simpret.MainTestLab2" name="step test isNilNil.sint" time="0.003">
                      
                    </testcase><testcase classname="simpret.MainTestLab2" name="step test lessThan.sint" time="0.001">
                      
                    </testcase><testcase classname="simpret.MainTestLab2" name="step test lessThan_1.sint" time="0.005">
                      
                    </testcase><testcase classname="simpret.MainTestLab2" name="step test lessThan_2.sint" time="0.005">
                      
                    </testcase><testcase classname="simpret.MainTestLab2" name="step test listLeftStep.sint" time="0.004">
                      
                    </testcase><testcase classname="simpret.MainTestLab2" name="step test listRightStep.sint" time="0.004">
                      
                    </testcase><testcase classname="simpret.MainTestLab2" name="step test minus.sint" time="0.004">
                      
                    </testcase><testcase classname="simpret.MainTestLab2" name="step test projRecord.sint" time="0.009">
                      
                    </testcase><testcase classname="simpret.MainTestLab2" name="step test projTuple.sint" time="0.007">
                      
                    </testcase><testcase classname="simpret.MainTestLab2" name="step test stepProjRecord.sint" time="0.008">
                      
                    </testcase><testcase classname="simpret.MainTestLab2" name="step test stepProjTuple.sint" time="0.007">
                      
                    </testcase><testcase classname="simpret.MainTestLab2" name="step test stepRecord.sint" time="0.007">
                      
                    </testcase><testcase classname="simpret.MainTestLab2" name="step test stepTuple.sint" time="0.003">
                      
                    </testcase><testcase classname="simpret.MainTestLab2" name="step test tailCons.sint" time="0.003">
                      
                    </testcase><testcase classname="simpret.MainTestLab2" name="step test tailStep.sint" time="0.004">
                      
                    </testcase><testcase classname="simpret.MainTestLab2" name="step test typableHeadNil.sint" time="0.006">
                      
                    </testcase><testcase classname="simpret.MainTestLab2" name="fixpoint test case_0_recfun_0.sint" time="0.026">
                      
                    </testcase><testcase classname="simpret.MainTestLab2" name="fixpoint test case_0_square_0.sint" time="0.016">
                      
                    </testcase><testcase classname="simpret.MainTestLab2" name="fixpoint test case_0_square_1.sint" time="0.019">
                      
                    </testcase><testcase classname="simpret.MainTestLab2" name="fixpoint test case_0_square_2.sint" time="0.017">
                      
                    </testcase><testcase classname="simpret.MainTestLab2" name="fixpoint test case_0_square_3.sint" time="0.1">
                      
                    </testcase><testcase classname="simpret.MainTestLab2" name="fixpoint test case_1_extensions_0.sint" time="0.024">
                      
                    </testcase><testcase classname="simpret.MainTestLab2" name="fixpoint test case_1_extensions_1.sint" time="0.002">
                      
                    </testcase><testcase classname="simpret.MainTestLab2" name="fixpoint test case_1_extensions_2.sint" time="0.001">
                      
                    </testcase><testcase classname="simpret.MainTestLab2" name="fixpoint test case_1_extensions_3.sint" time="0.002">
                      
                    </testcase><testcase classname="simpret.MainTestLab2" name="fixpoint test case_1_extensions_4.sint" time="0.006">
                      
                    </testcase><testcase classname="simpret.MainTestLab2" name="fixpoint test case_2_letin_0.sint" time="0.003">
                      
                    </testcase><testcase classname="simpret.MainTestLab2" name="fixpoint test case_2_times_0.sint" time="0.009">
                      
                    </testcase><testcase classname="simpret.MainTestLab2" name="fixpoint test case_2_times_1.sint" time="0.007">
                      
                    </testcase><testcase classname="simpret.MainTestLab2" name="fixpoint test case_2_times_2.sint" time="0.01">
                      
                    </testcase><testcase classname="simpret.MainTestLab2" name="fixpoint test case_3_factorial_0.sint" time="0.008">
                      
                    </testcase><testcase classname="simpret.MainTestLab2" name="fixpoint test case_3_factorial_1.sint" time="0.011">
                      
                    </testcase><testcase classname="simpret.MainTestLab2" name="fixpoint test case_3_factorial_2.sint" time="0.012">
                      
                    </testcase><testcase classname="simpret.MainTestLab2" name="typing test add.sint" time="0.003">
                      
                    </testcase><testcase classname="simpret.MainTestLab2" name="typing test app.sint" time="0.002">
                      
                    </testcase><testcase classname="simpret.MainTestLab2" name="typing test app_2.sint" time="0.002">
                      
                    </testcase><testcase classname="simpret.MainTestLab2" name="typing test fix.sint" time="0.002">
                      
                    </testcase><testcase classname="simpret.MainTestLab2" name="typing test fix_2.sint" time="0.002">
                      
                    </testcase><testcase classname="simpret.MainTestLab2" name="typing test fix_3.sint" time="0.002">
                      
                    </testcase><testcase classname="simpret.MainTestLab2" name="typing test fix_4.sint" time="0.001">
                      
                    </testcase><testcase classname="simpret.MainTestLab2" name="typing test fix_5.sint" time="0.001">
                      
                    </testcase><testcase classname="simpret.MainTestLab2" name="typing test headType.sint" time="0.002">
                      
                    </testcase><testcase classname="simpret.MainTestLab2" name="typing test if.sint" time="0.001">
                      
                    </testcase><testcase classname="simpret.MainTestLab2" name="typing test if_2.sint" time="0.001">
                      
                    </testcase><testcase classname="simpret.MainTestLab2" name="typing test isNilType.sint" time="0.001">
                      
                    </testcase><testcase classname="simpret.MainTestLab2" name="typing test lessThan.sint" time="0.001">
                      
                    </testcase><testcase classname="simpret.MainTestLab2" name="typing test let.sint" time="0.001">
                      
                    </testcase><testcase classname="simpret.MainTestLab2" name="typing test listMixedType.sint" time="0.002">
                      
                    </testcase><testcase classname="simpret.MainTestLab2" name="typing test listMixup.sint" time="0.002">
                      
                    </testcase><testcase classname="simpret.MainTestLab2" name="typing test minus.sint" time="0.001">
                      
                    </testcase><testcase classname="simpret.MainTestLab2" name="typing test recordMemberUntyped.sint" time="0.001">
                      
                    </testcase><testcase classname="simpret.MainTestLab2" name="typing test recordProj.sint" time="0.002">
                      
                    </testcase><testcase classname="simpret.MainTestLab2" name="typing test recordWrongName.sint" time="0.002">
                      
                    </testcase><testcase classname="simpret.MainTestLab2" name="typing test recordWrongName_2.sint" time="0.002">
                      
                    </testcase><testcase classname="simpret.MainTestLab2" name="typing test tailType.sint" time="0.001">
                      
                    </testcase><testcase classname="simpret.MainTestLab2" name="typing test tupleOutOfBound.sint" time="0.002">
                      
                    </testcase><testcase classname="simpret.MainTestLab2" name="typing test tupleOutOfBound_2.sint" time="0.001">
                      
                    </testcase><testcase classname="simpret.MainTestLab2" name="typing test tuple_1.sint" time="0.001">
                      
                    </testcase><testcase classname="simpret.MainTestLab2" name="typing test tuple_2.sint" time="0.001">
                      
                    </testcase><testcase classname="simpret.MainTestLab2" name="typing test unboundVariable.sint" time="0.0">
                      
                    </testcase><testcase classname="simpret.MainTestLab2" name="typing test var.sint" time="0.001">
                      
                    </testcase>
          <system-out><![CDATA[]]></system-out>
          <system-err><![CDATA[]]></system-err>
        </testsuite>