[0m[[0m[0mdebug[0m] [0m[0m> Exec(test, Some(cf69c958-d00f-4487-b561-61a28b8277be), Some(CommandSource(console0)))[0m
[0m[[0m[0mdebug[0m] [0m[0mEvaluating tasks: Test / test[0m
[0m[[0m[0mdebug[0m] [0m[0mRunning task... Cancel: Signal, check cycles: false, forcegc: true[0m
[0m[[0m[0minfo[0m] [0m[0m[32mMainTestInterpreter:[0m[0m
[0m[[0m[0minfo[0m] [0m[0m[32mMainTestLab1:[0m[0m
[0m[[0m[0minfo[0m] [0m[0m[32m- step test Add-0.sint[0m[0m
[0m[[0m[0minfo[0m] [0m[0m[32m- step test Add-1.sint[0m[0m
[0m[[0m[0minfo[0m] [0m[0m[32m- step test AddLeft-0.sint[0m[0m
[0m[[0m[0minfo[0m] [0m[0m[32m- step test AddRight-0.sint[0m[0m
[0m[[0m[0minfo[0m] [0m[0m[32m- step test App1-0.sint[0m[0m
[0m[[0m[0minfo[0m] [0m[0m[32m- step test App1-1.sint[0m[0m
[0m[[0m[0minfo[0m] [0m[0m[32m- step test App2-0.sint[0m[0m
[0m[[0m[0minfo[0m] [0m[0m[32m- step test App2-1.sint[0m[0m
[0m[[0m[0minfo[0m] [0m[0m[32m- step test AppAbs-0.sint[0m[0m
[0m[[0m[0minfo[0m] [0m[0m[32m- step test AppAbs-1.sint[0m[0m
[0m[[0m[0minfo[0m] [0m[0m[32m- step test IfFalse-0.sint[0m[0m
[0m[[0m[0minfo[0m] [0m[0m[32m- step test IfTrue-0.sint[0m[0m
[0m[[0m[0minfo[0m] [0m[0m[32m- step test if-0.sint[0m[0m
[0m[[0m[0minfo[0m] [0m[0m[32m- step test if-1.sint[0m[0m
[0m[[0m[0minfo[0m] [0m[0m[31m- fixpoint test w.o. type check pleaseTerminate.sint *** FAILED ***[0m[0m
[0m[[0m[0minfo[0m] [0m[0m[31m  java.util.NoSuchElementException: None.get[0m[0m
[0m[[0m[0minfo[0m] [0m[0m[31m  at scala.None$.get(Option.scala:627)[0m[0m
[0m[[0m[0minfo[0m] [0m[0m[31m  at scala.None$.get(Option.scala:626)[0m[0m
[0m[[0m[0minfo[0m] [0m[0m[31m  at simpret.interpreter.Interpreter$.step(Interpreter.scala:86)[0m[0m
[0m[[0m[0minfo[0m] [0m[0m[31m  at simpret.interpreter.Interpreter$.eval(Interpreter.scala:311)[0m[0m
[0m[[0m[0minfo[0m] [0m[0m[31m  at simpret.MainTestInterpreter.fixAutoTest(MainTestInterpreter.scala:111)[0m[0m
[0m[[0m[0minfo[0m] [0m[0m[31m  at simpret.MainTestInterpreter.fixAutoTestNoTypeCheck(MainTestInterpreter.scala:93)[0m[0m
[0m[[0m[0minfo[0m] [0m[0m[31m  at simpret.MainTestLab1.testFun$proxy3$1(MainTestLab1.scala:26)[0m[0m
[0m[[0m[0minfo[0m] [0m[0m[31m  at simpret.MainTestLab1.$init$$$anonfun$3$$anonfun$1(MainTestLab1.scala:27)[0m[0m
[0m[[0m[0minfo[0m] [0m[0m[31m  at org.scalatest.funsuite.AnyFunSuiteLike.testImpl$$anonfun$1(AnyFunSuiteLike.scala:125)[0m[0m
[0m[[0m[0minfo[0m] [0m[0m[31m  at org.scalatest.Transformer.apply$$anonfun$1(Transformer.scala:22)[0m[0m
[0m[[0m[0minfo[0m] [0m[0m[31m  ...[0m[0m
[0m[[0m[0minfo[0m] [0m[0m[32m- fixpoint test w.o. type check variableCapture1.sint[0m[0m
[0m[[0m[0minfo[0m] [0m[0m[32m- TestCaseLab1 0 COND[0m[0m
[0m[[0m[0minfo[0m] [0m[0m[32m- TestCaseLab1 1 ABC[0m[0m
[0m[[0m[0minfo[0m] [0m[0m[32m- TestCaseLab1 2 XYZ[0m[0m
[0m[[0m[0minfo[0m] [0m[0m[32mMainTestLab2:[0m[0m
[0m[[0m[0minfo[0m] [0m[0m[31m- step test PlusMinus-0.sint *** FAILED ***[0m[0m
[0m[[0m[0minfo[0m] [0m[0m[31m  Some(LetExp(f,FixAppExp(LamExp(x,IntTy,PlusExp(AppExp(LamExp(f,ArrowTy(IntTy,IntTy),LamExp(x,IntTy,PlusExp(AppExp(Variable(f),Variable(x)),IntLit(1)))),Variable(x)),IntLit(1)))),AppExp(Variable(f),IntLit(2)))) did not equal Some(LetExp(f,LamExp(x,IntTy,PlusExp(AppExp(FixAppExp(LamExp(f,ArrowTy(IntTy,IntTy),LamExp(x,IntTy,PlusExp(AppExp(Variable(f),Variable(x)),IntLit(1))))),Variable(x)),IntLit(1))),AppExp(Variable(f),IntLit(2)))) (MainTestInterpreter.scala:78)[0m[0m
[0m[[0m[0minfo[0m] [0m[0m[31m  Analysis:[0m[0m
[0m[[0m[0minfo[0m] [0m[0m[31m  Some(value: LetExp(e1: FixAppExp(e: LamExp(e1: -> AppExp(FixAppExp(LamExp(f,ArrowTy(IntTy,IntTy),LamExp(x,IntTy,PlusExp(AppExp(Variable(f),Variable(x)),IntLit(1))))),Variable(x)), e2: -> IntLit(1), e: PlusExp(AppExp(LamExp(f,ArrowTy(IntTy,IntTy),LamExp(x,IntTy,PlusExp(AppExp(Variable(f),Variable(x)),IntLit(1)))),Variable(x)),IntLit(1)) -> , id: x -> , pos: <undefined position> -> 2.29, ty: IntTy -> ), id: -> x, pos: <undefined position> -> 2.21, ty: -> IntTy), pos: <undefined position> -> 1.1))[0m[0m
[0m[[0m[0minfo[0m] [0m[0m[32m- step test fix.sint[0m[0m
[0m[[0m[0minfo[0m] [0m[0m[31m- step test fixBeta.sint *** FAILED ***[0m[0m
[0m[[0m[0minfo[0m] [0m[0m[31m  Some(FixAppExp(LamExp(y,IntTy,AppExp(LamExp(x,ArrowTy(IntTy,IntTy),LamExp(y,IntTy,AppExp(Variable(x),IntLit(3)))),IntLit(3))))) did not equal Some(LamExp(y,IntTy,AppExp(FixAppExp(LamExp(x,ArrowTy(IntTy,IntTy),LamExp(y,IntTy,AppExp(Variable(x),IntLit(3))))),IntLit(3)))) (MainTestInterpreter.scala:78)[0m[0m
[0m[[0m[0minfo[0m] [0m[0m[31m  Analysis:[0m[0m
[0m[[0m[0minfo[0m] [0m[0m[31m  Some(value: FixAppExp(e: LamExp(e1: -> FixAppExp(LamExp(x,ArrowTy(IntTy,IntTy),LamExp(y,IntTy,AppExp(Variable(x),IntLit(3))))), e2: -> IntLit(3), e: AppExp(LamExp(x,ArrowTy(IntTy,IntTy),LamExp(y,IntTy,AppExp(Variable(x),IntLit(3)))),IntLit(3)) -> , id: y -> , pos: <undefined position> -> 1.18, ty: IntTy -> ), id: -> y, pos: <undefined position> -> 2.21, ty: -> IntTy))[0m[0m
[0m[[0m[0minfo[0m] [0m[0m[31m- step test headCons.sint *** FAILED ***[0m[0m
[0m[[0m[0minfo[0m] [0m[0m[31m  None did not equal Some(IntLit(2)) (MainTestInterpreter.scala:78)[0m[0m
[0m[[0m[0minfo[0m] [0m[0m[31m  Analysis:[0m[0m
[0m[[0m[0minfo[0m] [0m[0m[31m  None$(value: -> IntLit(2))[0m[0m
[0m[[0m[0minfo[0m] [0m[0m[31m- step test headStep.sint *** FAILED ***[0m[0m
[0m[[0m[0minfo[0m] [0m[0m[31m  None did not equal Some(HeadExp(ConsExp(IntLit(1),ConsExp(IntLit(5),NilExp(IntTy))))) (MainTestInterpreter.scala:78)[0m[0m
[0m[[0m[0minfo[0m] [0m[0m[31m  Analysis:[0m[0m
[0m[[0m[0minfo[0m] [0m[0m[31m  None$(value: -> HeadExp(ConsExp(IntLit(1),ConsExp(IntLit(5),NilExp(IntTy)))))[0m[0m
[0m[[0m[0minfo[0m] [0m[0m[31m- step test isNilConst.sint *** FAILED ***[0m[0m
[0m[[0m[0minfo[0m] [0m[0m[31m  None did not equal Some(BoolLit(false)) (MainTestInterpreter.scala:78)[0m[0m
[0m[[0m[0minfo[0m] [0m[0m[31m  Analysis:[0m[0m
[0m[[0m[0minfo[0m] [0m[0m[31m  None$(value: -> BoolLit(false))[0m[0m
[0m[[0m[0minfo[0m] [0m[0m[31m- step test isNilNil.sint *** FAILED ***[0m[0m
[0m[[0m[0minfo[0m] [0m[0m[31m  None did not equal Some(BoolLit(true)) (MainTestInterpreter.scala:78)[0m[0m
[0m[[0m[0minfo[0m] [0m[0m[31m  Analysis:[0m[0m
[0m[[0m[0minfo[0m] [0m[0m[31m  None$(value: -> BoolLit(true))[0m[0m
[0m[[0m[0minfo[0m] [0m[0m[32m- step test lessThan.sint[0m[0m
[0m[[0m[0minfo[0m] [0m[0m[31m- step test lessThan_1.sint *** FAILED ***[0m[0m
[0m[[0m[0minfo[0m] [0m[0m[31m  Some(LtExp(IntLit(3),IntLit(3))) did not equal Some(LtExp(IntLit(3),PlusExp(IntLit(3),IntLit(1)))) (MainTestInterpreter.scala:78)[0m[0m
[0m[[0m[0minfo[0m] [0m[0m[31m  Analysis:[0m[0m
[0m[[0m[0minfo[0m] [0m[0m[31m  Some(value: LtExp(e2: IntLit(e1: -> IntLit(3), e2: -> IntLit(1), i: 3 -> , pos: 1.23 -> <undefined position>), pos: <undefined position> -> 1.1))[0m[0m
[0m[[0m[0minfo[0m] [0m[0m[32m- step test lessThan_2.sint[0m[0m
[0m[[0m[0minfo[0m] [0m[0m[32m- step test listLeftStep.sint[0m[0m
[0m[[0m[0minfo[0m] [0m[0m[31m- step test listRightStep.sint *** FAILED ***[0m[0m
[0m[[0m[0minfo[0m] [0m[0m[31m  java.util.NoSuchElementException: None.get[0m[0m
[0m[[0m[0minfo[0m] [0m[0m[31m  at scala.None$.get(Option.scala:627)[0m[0m
[0m[[0m[0minfo[0m] [0m[0m[31m  at scala.None$.get(Option.scala:626)[0m[0m
[0m[[0m[0minfo[0m] [0m[0m[31m  at simpret.interpreter.Interpreter$.step(Interpreter.scala:98)[0m[0m
[0m[[0m[0minfo[0m] [0m[0m[31m  at simpret.MainTestInterpreter.singleAutoTest(MainTestInterpreter.scala:78)[0m[0m
[0m[[0m[0minfo[0m] [0m[0m[31m  at simpret.MainTestLab2.testFun$proxy1$1(MainTestLab2.scala:15)[0m[0m
[0m[[0m[0minfo[0m] [0m[0m[31m  at simpret.MainTestLab2.$init$$$anonfun$1$$anonfun$1(MainTestLab2.scala:16)[0m[0m
[0m[[0m[0minfo[0m] [0m[0m[31m  at org.scalatest.funsuite.AnyFunSuiteLike.testImpl$$anonfun$1(AnyFunSuiteLike.scala:125)[0m[0m
[0m[[0m[0minfo[0m] [0m[0m[31m  at org.scalatest.Transformer.apply$$anonfun$1(Transformer.scala:22)[0m[0m
[0m[[0m[0minfo[0m] [0m[0m[31m  at org.scalatest.OutcomeOf.outcomeOf(OutcomeOf.scala:85)[0m[0m
[0m[[0m[0minfo[0m] [0m[0m[31m  at org.scalatest.OutcomeOf.outcomeOf$(OutcomeOf.scala:31)[0m[0m
[0m[[0m[0minfo[0m] [0m[0m[31m  ...[0m[0m
[0m[[0m[0minfo[0m] [0m[0m[32m- step test minus.sint[0m[0m
[0m[[0m[0minfo[0m] [0m[0m[31m- step test projRecord.sint *** FAILED ***[0m[0m
[0m[[0m[0minfo[0m] [0m[0m[31m  None did not equal Some(IntLit(3)) (MainTestInterpreter.scala:78)[0m[0m
[0m[[0m[0minfo[0m] [0m[0m[31m  Analysis:[0m[0m
[0m[[0m[0minfo[0m] [0m[0m[31m  None$(value: -> IntLit(3))[0m[0m
[0m[[0m[0minfo[0m] [0m[0m[31m- step test projTuple.sint *** FAILED ***[0m[0m
[0m[[0m[0minfo[0m] [0m[0m[31m  None did not equal Some(LamExp(x,IntTy,PlusExp(Variable(x),IntLit(1)))) (MainTestInterpreter.scala:78)[0m[0m
[0m[[0m[0minfo[0m] [0m[0m[31m  Analysis:[0m[0m
[0m[[0m[0minfo[0m] [0m[0m[31m  None$(value: -> LamExp(x,IntTy,PlusExp(Variable(x),IntLit(1))))[0m[0m
[0m[[0m[0minfo[0m] [0m[0m[31m- step test stepProjRecord.sint *** FAILED ***[0m[0m
[0m[[0m[0minfo[0m] [0m[0m[31m  None did not equal Some(ProjRecordExp(RecordExp(Map(a -> IntLit(5), work -> LamExp(x,IntTy,PlusExp(Variable(x),IntLit(1))))),a)) (MainTestInterpreter.scala:78)[0m[0m
[0m[[0m[0minfo[0m] [0m[0m[31m  Analysis:[0m[0m
[0m[[0m[0minfo[0m] [0m[0m[31m  None$(value: -> ProjRecordExp(RecordExp(Map(a -> IntLit(5), work -> LamExp(x,IntTy,PlusExp(Variable(x),IntLit(1))))),a))[0m[0m
[0m[[0m[0minfo[0m] [0m[0m[31m- step test stepProjTuple.sint *** FAILED ***[0m[0m
[0m[[0m[0minfo[0m] [0m[0m[31m  None did not equal Some(ProjTupleExp(TupleExp(List(IntLit(3), IntLit(4))),2)) (MainTestInterpreter.scala:78)[0m[0m
[0m[[0m[0minfo[0m] [0m[0m[31m  Analysis:[0m[0m
[0m[[0m[0minfo[0m] [0m[0m[31m  None$(value: -> ProjTupleExp(TupleExp(List(IntLit(3), IntLit(4))),2))[0m[0m
[0m[[0m[0minfo[0m] [0m[0m[31m- step test stepRecord.sint *** FAILED ***[0m[0m
[0m[[0m[0minfo[0m] [0m[0m[31m  None did not equal Some(RecordExp(Map(a -> IntLit(5), work -> LamExp(x,IntTy,PlusExp(Variable(x),IntLit(1)))))) (MainTestInterpreter.scala:78)[0m[0m
[0m[[0m[0minfo[0m] [0m[0m[31m  Analysis:[0m[0m
[0m[[0m[0minfo[0m] [0m[0m[31m  None$(value: -> RecordExp(Map(a -> IntLit(5), work -> LamExp(x,IntTy,PlusExp(Variable(x),IntLit(1))))))[0m[0m
[0m[[0m[0minfo[0m] [0m[0m[31m- step test stepTuple.sint *** FAILED ***[0m[0m
[0m[[0m[0minfo[0m] [0m[0m[31m  None did not equal Some(TupleExp(List(IntLit(4), PlusExp(IntLit(2),IntLit(3))))) (MainTestInterpreter.scala:78)[0m[0m
[0m[[0m[0minfo[0m] [0m[0m[31m  Analysis:[0m[0m
[0m[[0m[0minfo[0m] [0m[0m[31m  None$(value: -> TupleExp(List(IntLit(4), PlusExp(IntLit(2),IntLit(3)))))[0m[0m
[0m[[0m[0minfo[0m] [0m[0m[31m- step test tailCons.sint *** FAILED ***[0m[0m
[0m[[0m[0minfo[0m] [0m[0m[31m  None did not equal Some(NilExp(IntTy)) (MainTestInterpreter.scala:78)[0m[0m
[0m[[0m[0minfo[0m] [0m[0m[31m  Analysis:[0m[0m
[0m[[0m[0minfo[0m] [0m[0m[31m  None$(value: -> NilExp(IntTy))[0m[0m
[0m[[0m[0minfo[0m] [0m[0m[31m- step test tailStep.sint *** FAILED ***[0m[0m
[0m[[0m[0minfo[0m] [0m[0m[31m  None did not equal Some(TailExp(ConsExp(IntLit(4),NilExp(IntTy)))) (MainTestInterpreter.scala:78)[0m[0m
[0m[[0m[0minfo[0m] [0m[0m[31m  Analysis:[0m[0m
[0m[[0m[0minfo[0m] [0m[0m[31m  None$(value: -> TailExp(ConsExp(IntLit(4),NilExp(IntTy))))[0m[0m
[0m[[0m[0minfo[0m] [0m[0m[32m- step test typableHeadNil.sint[0m[0m
[0m[[0m[0minfo[0m] [0m[0m[31m- fixpoint test case_0_recfun_0.sint *** FAILED ***[0m[0m
[0m[[0m[0minfo[0m] [0m[0m[31m  LamExp(x,BoolTy,LamExp(y,BoolTy,CondExp(Variable(x),Variable(y),BoolLit(false)))) did not equal IntLit(27) (MainTestInterpreter.scala:111)[0m[0m
[0m[[0m[0minfo[0m] [0m[0m[31m  Analysis:[0m[0m
[0m[[0m[0minfo[0m] [0m[0m[31m  LamExp(e: LamExp(y,BoolTy,CondExp(Variable(x),Variable(y),BoolLit(false))) -> , i: -> 27, id: x -> , pos: <undefined position> -> 1.1, ty: BoolTy -> )[0m[0m
[0m[[0m[0minfo[0m] [0m[0m[31m- fixpoint test case_0_square_0.sint *** FAILED ***[0m[0m
[0m[[0m[0minfo[0m] [0m[0m[31m  java.util.NoSuchElementException: None.get[0m[0m
[0m[[0m[0minfo[0m] [0m[0m[31m  at scala.None$.get(Option.scala:627)[0m[0m
[0m[[0m[0minfo[0m] [0m[0m[31m  at scala.None$.get(Option.scala:626)[0m[0m
[0m[[0m[0minfo[0m] [0m[0m[31m  at simpret.interpreter.Interpreter$.step(Interpreter.scala:45)[0m[0m
[0m[[0m[0minfo[0m] [0m[0m[31m  at simpret.interpreter.Interpreter$.eval(Interpreter.scala:311)[0m[0m
[0m[[0m[0minfo[0m] [0m[0m[31m  at simpret.MainTestInterpreter.fixAutoTest(MainTestInterpreter.scala:111)[0m[0m
[0m[[0m[0minfo[0m] [0m[0m[31m  at simpret.MainTestLab2.testFun$proxy2$1(MainTestLab2.scala:21)[0m[0m
[0m[[0m[0minfo[0m] [0m[0m[31m  at simpret.MainTestLab2.$init$$$anonfun$2$$anonfun$1(MainTestLab2.scala:22)[0m[0m
[0m[[0m[0minfo[0m] [0m[0m[31m  at org.scalatest.funsuite.AnyFunSuiteLike.testImpl$$anonfun$1(AnyFunSuiteLike.scala:125)[0m[0m
[0m[[0m[0minfo[0m] [0m[0m[31m  at org.scalatest.Transformer.apply$$anonfun$1(Transformer.scala:22)[0m[0m
[0m[[0m[0minfo[0m] [0m[0m[31m  at org.scalatest.OutcomeOf.outcomeOf(OutcomeOf.scala:85)[0m[0m
[0m[[0m[0minfo[0m] [0m[0m[31m  ...[0m[0m
[0m[[0m[0minfo[0m] [0m[0m[31m- fixpoint test case_0_square_1.sint *** FAILED ***[0m[0m
[0m[[0m[0minfo[0m] [0m[0m[31m  java.util.NoSuchElementException: None.get[0m[0m
[0m[[0m[0minfo[0m] [0m[0m[31m  at scala.None$.get(Option.scala:627)[0m[0m
[0m[[0m[0minfo[0m] [0m[0m[31m  at scala.None$.get(Option.scala:626)[0m[0m
[0m[[0m[0minfo[0m] [0m[0m[31m  at simpret.interpreter.Interpreter$.step(Interpreter.scala:45)[0m[0m
[0m[[0m[0minfo[0m] [0m[0m[31m  at simpret.interpreter.Interpreter$.eval(Interpreter.scala:311)[0m[0m
[0m[[0m[0minfo[0m] [0m[0m[31m  at simpret.MainTestInterpreter.fixAutoTest(MainTestInterpreter.scala:111)[0m[0m
[0m[[0m[0minfo[0m] [0m[0m[31m  at simpret.MainTestLab2.testFun$proxy2$1(MainTestLab2.scala:21)[0m[0m
[0m[[0m[0minfo[0m] [0m[0m[31m  at simpret.MainTestLab2.$init$$$anonfun$2$$anonfun$1(MainTestLab2.scala:22)[0m[0m
[0m[[0m[0minfo[0m] [0m[0m[31m  at org.scalatest.funsuite.AnyFunSuiteLike.testImpl$$anonfun$1(AnyFunSuiteLike.scala:125)[0m[0m
[0m[[0m[0minfo[0m] [0m[0m[31m  at org.scalatest.Transformer.apply$$anonfun$1(Transformer.scala:22)[0m[0m
[0m[[0m[0minfo[0m] [0m[0m[31m  at org.scalatest.OutcomeOf.outcomeOf(OutcomeOf.scala:85)[0m[0m
[0m[[0m[0minfo[0m] [0m[0m[31m  ...[0m[0m
[0m[[0m[0minfo[0m] [0m[0m[31m- fixpoint test case_0_square_2.sint *** FAILED ***[0m[0m
[0m[[0m[0minfo[0m] [0m[0m[31m  java.util.NoSuchElementException: None.get[0m[0m
[0m[[0m[0minfo[0m] [0m[0m[31m  at scala.None$.get(Option.scala:627)[0m[0m
[0m[[0m[0minfo[0m] [0m[0m[31m  at scala.None$.get(Option.scala:626)[0m[0m
[0m[[0m[0minfo[0m] [0m[0m[31m  at simpret.interpreter.Interpreter$.step(Interpreter.scala:45)[0m[0m
[0m[[0m[0minfo[0m] [0m[0m[31m  at simpret.interpreter.Interpreter$.eval(Interpreter.scala:311)[0m[0m
[0m[[0m[0minfo[0m] [0m[0m[31m  at simpret.MainTestInterpreter.fixAutoTest(MainTestInterpreter.scala:111)[0m[0m
[0m[[0m[0minfo[0m] [0m[0m[31m  at simpret.MainTestLab2.testFun$proxy2$1(MainTestLab2.scala:21)[0m[0m
[0m[[0m[0minfo[0m] [0m[0m[31m  at simpret.MainTestLab2.$init$$$anonfun$2$$anonfun$1(MainTestLab2.scala:22)[0m[0m
[0m[[0m[0minfo[0m] [0m[0m[31m  at org.scalatest.funsuite.AnyFunSuiteLike.testImpl$$anonfun$1(AnyFunSuiteLike.scala:125)[0m[0m
[0m[[0m[0minfo[0m] [0m[0m[31m  at org.scalatest.Transformer.apply$$anonfun$1(Transformer.scala:22)[0m[0m
[0m[[0m[0minfo[0m] [0m[0m[31m  at org.scalatest.OutcomeOf.outcomeOf(OutcomeOf.scala:85)[0m[0m
[0m[[0m[0minfo[0m] [0m[0m[31m  ...[0m[0m
[0m[[0m[0minfo[0m] [0m[0m[31m- fixpoint test case_0_square_3.sint *** FAILED ***[0m[0m
[0m[[0m[0minfo[0m] [0m[0m[31m  java.util.NoSuchElementException: None.get[0m[0m
[0m[[0m[0minfo[0m] [0m[0m[31m  at scala.None$.get(Option.scala:627)[0m[0m
[0m[[0m[0minfo[0m] [0m[0m[31m  at scala.None$.get(Option.scala:626)[0m[0m
[0m[[0m[0minfo[0m] [0m[0m[31m  at simpret.interpreter.Interpreter$.step(Interpreter.scala:45)[0m[0m
[0m[[0m[0minfo[0m] [0m[0m[31m  at simpret.interpreter.Interpreter$.eval(Interpreter.scala:311)[0m[0m
[0m[[0m[0minfo[0m] [0m[0m[31m  at simpret.MainTestInterpreter.fixAutoTest(MainTestInterpreter.scala:111)[0m[0m
[0m[[0m[0minfo[0m] [0m[0m[31m  at simpret.MainTestLab2.testFun$proxy2$1(MainTestLab2.scala:21)[0m[0m
[0m[[0m[0minfo[0m] [0m[0m[31m  at simpret.MainTestLab2.$init$$$anonfun$2$$anonfun$1(MainTestLab2.scala:22)[0m[0m
[0m[[0m[0minfo[0m] [0m[0m[31m  at org.scalatest.funsuite.AnyFunSuiteLike.testImpl$$anonfun$1(AnyFunSuiteLike.scala:125)[0m[0m
[0m[[0m[0minfo[0m] [0m[0m[31m  at org.scalatest.Transformer.apply$$anonfun$1(Transformer.scala:22)[0m[0m
[0m[[0m[0minfo[0m] [0m[0m[31m  at org.scalatest.OutcomeOf.outcomeOf(OutcomeOf.scala:85)[0m[0m
[0m[[0m[0minfo[0m] [0m[0m[31m  ...[0m[0m
[0m[[0m[0minfo[0m] [0m[0m[31m- fixpoint test case_1_extensions_0.sint *** FAILED ***[0m[0m
[0m[[0m[0minfo[0m] [0m[0m[31m  java.util.NoSuchElementException: None.get[0m[0m
[0m[[0m[0minfo[0m] [0m[0m[31m  at scala.None$.get(Option.scala:627)[0m[0m
[0m[[0m[0minfo[0m] [0m[0m[31m  at scala.None$.get(Option.scala:626)[0m[0m
[0m[[0m[0minfo[0m] [0m[0m[31m  at simpret.interpreter.Interpreter$.step(Interpreter.scala:98)[0m[0m
[0m[[0m[0minfo[0m] [0m[0m[31m  at simpret.interpreter.Interpreter$.step(Interpreter.scala:105)[0m[0m
[0m[[0m[0minfo[0m] [0m[0m[31m  at simpret.interpreter.Interpreter$.eval(Interpreter.scala:311)[0m[0m
[0m[[0m[0minfo[0m] [0m[0m[31m  at simpret.MainTestInterpreter.fixAutoTest(MainTestInterpreter.scala:111)[0m[0m
[0m[[0m[0minfo[0m] [0m[0m[31m  at simpret.MainTestLab2.testFun$proxy2$1(MainTestLab2.scala:21)[0m[0m
[0m[[0m[0minfo[0m] [0m[0m[31m  at simpret.MainTestLab2.$init$$$anonfun$2$$anonfun$1(MainTestLab2.scala:22)[0m[0m
[0m[[0m[0minfo[0m] [0m[0m[31m  at org.scalatest.funsuite.AnyFunSuiteLike.testImpl$$anonfun$1(AnyFunSuiteLike.scala:125)[0m[0m
[0m[[0m[0minfo[0m] [0m[0m[31m  at org.scalatest.Transformer.apply$$anonfun$1(Transformer.scala:22)[0m[0m
[0m[[0m[0minfo[0m] [0m[0m[31m  ...[0m[0m
[0m[[0m[0minfo[0m] [0m[0m[31m- fixpoint test case_1_extensions_1.sint *** FAILED ***[0m[0m
[0m[[0m[0minfo[0m] [0m[0m[31m  HeadExp(ConsExp(TailExp(IntLit(1)),TailExp(ConsExp(TailExp(IntLit(2)),TailExp(ConsExp(TailExp(IntLit(3)),TailExp(Variable(list0)))))))) did not equal HeadExp(NilExp(IntTy)) (MainTestInterpreter.scala:111)[0m[0m
[0m[[0m[0minfo[0m] [0m[0m[31m  Analysis:[0m[0m
[0m[[0m[0minfo[0m] [0m[0m[31m  HeadExp(e: ConsExp(eh: TailExp(IntLit(1)) -> , et: TailExp(ConsExp(TailExp(IntLit(2)),TailExp(ConsExp(TailExp(IntLit(3)),TailExp(Variable(list0)))))) -> , pos: <undefined position> -> 1.7, ty: -> IntTy), pos: <undefined position> -> 1.1)[0m[0m
[0m[[0m[0minfo[0m] [0m[0m[31m- fixpoint test case_1_extensions_2.sint *** FAILED ***[0m[0m
[0m[[0m[0minfo[0m] [0m[0m[31m  ProjTupleExp(Variable(tuple0),1) did not equal IntLit(3) (MainTestInterpreter.scala:111)[0m[0m
[0m[[0m[0minfo[0m] [0m[0m[31m  Analysis:[0m[0m
[0m[[0m[0minfo[0m] [0m[0m[31m  ProjTupleExp(e: Variable(tuple0) -> , i: 1 -> 3, pos: OffsetPosition(offset: 26 -> 0, source: "[[0m[0m
[0m[[0m[0minfo[0m] [0m[0m[31mlet tuple0 = (3,2,1) in[0m[0m
[0m[[0m[0minfo[0m] [0m[0m[31m[0m[0m
[0m[[0m[0minfo[0m] [0m[0m[31mtuple0.1[0m[0m
[0m[[0m[0minfo[0m] [0m[0m[31m[0m[0m
[0m[[0m[0minfo[0m] [0m[0m[31m]" -> "[3]"))[0m[0m
[0m[[0m[0minfo[0m] [0m[0m[31m- fixpoint test case_1_extensions_3.sint *** FAILED ***[0m[0m
[0m[[0m[0minfo[0m] [0m[0m[31m  ProjRecordExp(Variable(record0),efg) did not equal IntLit(1) (MainTestInterpreter.scala:111)[0m[0m
[0m[[0m[0minfo[0m] [0m[0m[31m  Analysis:[0m[0m
[0m[[0m[0minfo[0m] [0m[0m[31m  ProjRecordExp(e: Variable(record0) -> , i: -> 1, l: efg -> , pos: OffsetPosition(offset: 42 -> 0, source: "[[0m[0m
[0m[[0m[0minfo[0m] [0m[0m[31mlet record0 = {field1=3,abc=2,efg=1} in[0m[0m
[0m[[0m[0minfo[0m] [0m[0m[31m[0m[0m
[0m[[0m[0minfo[0m] [0m[0m[31mrecord0.efg[0m[0m
[0m[[0m[0minfo[0m] [0m[0m[31m[0m[0m
[0m[[0m[0minfo[0m] [0m[0m[31m]" -> "[1]"))[0m[0m
[0m[[0m[0minfo[0m] [0m[0m[31m- fixpoint test case_1_extensions_4.sint *** FAILED ***[0m[0m
[0m[[0m[0minfo[0m] [0m[0m[31m  java.util.NoSuchElementException: None.get[0m[0m
[0m[[0m[0minfo[0m] [0m[0m[31m  at scala.None$.get(Option.scala:627)[0m[0m
[0m[[0m[0minfo[0m] [0m[0m[31m  at scala.None$.get(Option.scala:626)[0m[0m
[0m[[0m[0minfo[0m] [0m[0m[31m  at simpret.interpreter.Interpreter$.step(Interpreter.scala:56)[0m[0m
[0m[[0m[0minfo[0m] [0m[0m[31m  at simpret.interpreter.Interpreter$.step(Interpreter.scala:98)[0m[0m
[0m[[0m[0minfo[0m] [0m[0m[31m  at simpret.interpreter.Interpreter$.step(Interpreter.scala:105)[0m[0m
[0m[[0m[0minfo[0m] [0m[0m[31m  at simpret.interpreter.Interpreter$.eval(Interpreter.scala:311)[0m[0m
[0m[[0m[0minfo[0m] [0m[0m[31m  at simpret.MainTestInterpreter.fixAutoTest(MainTestInterpreter.scala:111)[0m[0m
[0m[[0m[0minfo[0m] [0m[0m[31m  at simpret.MainTestLab2.testFun$proxy2$1(MainTestLab2.scala:21)[0m[0m
[0m[[0m[0minfo[0m] [0m[0m[31m  at simpret.MainTestLab2.$init$$$anonfun$2$$anonfun$1(MainTestLab2.scala:22)[0m[0m
[0m[[0m[0minfo[0m] [0m[0m[31m  at org.scalatest.funsuite.AnyFunSuiteLike.testImpl$$anonfun$1(AnyFunSuiteLike.scala:125)[0m[0m
[0m[[0m[0minfo[0m] [0m[0m[31m  ...[0m[0m
[0m[[0m[0minfo[0m] [0m[0m[31m- fixpoint test case_2_letin_0.sint *** FAILED ***[0m[0m
[0m[[0m[0minfo[0m] [0m[0m[31m  IntLit(8) did not equal IntLit(10) (MainTestInterpreter.scala:111)[0m[0m
[0m[[0m[0minfo[0m] [0m[0m[31m  Analysis:[0m[0m
[0m[[0m[0minfo[0m] [0m[0m[31m  IntLit(i: 8 -> 10, pos: <undefined position> -> 1.1)[0m[0m
[0m[[0m[0minfo[0m] [0m[0m[31m- fixpoint test case_2_times_0.sint *** FAILED ***[0m[0m
[0m[[0m[0minfo[0m] [0m[0m[31m  java.util.NoSuchElementException: None.get[0m[0m
[0m[[0m[0minfo[0m] [0m[0m[31m  at scala.None$.get(Option.scala:627)[0m[0m
[0m[[0m[0minfo[0m] [0m[0m[31m  at scala.None$.get(Option.scala:626)[0m[0m
[0m[[0m[0minfo[0m] [0m[0m[31m  at simpret.interpreter.Interpreter$.step(Interpreter.scala:45)[0m[0m
[0m[[0m[0minfo[0m] [0m[0m[31m  at simpret.interpreter.Interpreter$.step(Interpreter.scala:41)[0m[0m
[0m[[0m[0minfo[0m] [0m[0m[31m  at simpret.interpreter.Interpreter$.eval(Interpreter.scala:311)[0m[0m
[0m[[0m[0minfo[0m] [0m[0m[31m  at simpret.MainTestInterpreter.fixAutoTest(MainTestInterpreter.scala:111)[0m[0m
[0m[[0m[0minfo[0m] [0m[0m[31m  at simpret.MainTestLab2.testFun$proxy2$1(MainTestLab2.scala:21)[0m[0m
[0m[[0m[0minfo[0m] [0m[0m[31m  at simpret.MainTestLab2.$init$$$anonfun$2$$anonfun$1(MainTestLab2.scala:22)[0m[0m
[0m[[0m[0minfo[0m] [0m[0m[31m  at org.scalatest.funsuite.AnyFunSuiteLike.testImpl$$anonfun$1(AnyFunSuiteLike.scala:125)[0m[0m
[0m[[0m[0minfo[0m] [0m[0m[31m  at org.scalatest.Transformer.apply$$anonfun$1(Transformer.scala:22)[0m[0m
[0m[[0m[0minfo[0m] [0m[0m[31m  ...[0m[0m
[0m[[0m[0minfo[0m] [0m[0m[31m- fixpoint test case_2_times_1.sint *** FAILED ***[0m[0m
[0m[[0m[0minfo[0m] [0m[0m[31m  java.util.NoSuchElementException: None.get[0m[0m
[0m[[0m[0minfo[0m] [0m[0m[31m  at scala.None$.get(Option.scala:627)[0m[0m
[0m[[0m[0minfo[0m] [0m[0m[31m  at scala.None$.get(Option.scala:626)[0m[0m
[0m[[0m[0minfo[0m] [0m[0m[31m  at simpret.interpreter.Interpreter$.step(Interpreter.scala:45)[0m[0m
[0m[[0m[0minfo[0m] [0m[0m[31m  at simpret.interpreter.Interpreter$.step(Interpreter.scala:41)[0m[0m
[0m[[0m[0minfo[0m] [0m[0m[31m  at simpret.interpreter.Interpreter$.eval(Interpreter.scala:311)[0m[0m
[0m[[0m[0minfo[0m] [0m[0m[31m  at simpret.MainTestInterpreter.fixAutoTest(MainTestInterpreter.scala:111)[0m[0m
[0m[[0m[0minfo[0m] [0m[0m[31m  at simpret.MainTestLab2.testFun$proxy2$1(MainTestLab2.scala:21)[0m[0m
[0m[[0m[0minfo[0m] [0m[0m[31m  at simpret.MainTestLab2.$init$$$anonfun$2$$anonfun$1(MainTestLab2.scala:22)[0m[0m
[0m[[0m[0minfo[0m] [0m[0m[31m  at org.scalatest.funsuite.AnyFunSuiteLike.testImpl$$anonfun$1(AnyFunSuiteLike.scala:125)[0m[0m
[0m[[0m[0minfo[0m] [0m[0m[31m  at org.scalatest.Transformer.apply$$anonfun$1(Transformer.scala:22)[0m[0m
[0m[[0m[0minfo[0m] [0m[0m[31m  ...[0m[0m
[0m[[0m[0minfo[0m] [0m[0m[31m- fixpoint test case_2_times_2.sint *** FAILED ***[0m[0m
[0m[[0m[0minfo[0m] [0m[0m[31m  java.util.NoSuchElementException: None.get[0m[0m
[0m[[0m[0minfo[0m] [0m[0m[31m  at scala.None$.get(Option.scala:627)[0m[0m
[0m[[0m[0minfo[0m] [0m[0m[31m  at scala.None$.get(Option.scala:626)[0m[0m
[0m[[0m[0minfo[0m] [0m[0m[31m  at simpret.interpreter.Interpreter$.step(Interpreter.scala:45)[0m[0m
[0m[[0m[0minfo[0m] [0m[0m[31m  at simpret.interpreter.Interpreter$.step(Interpreter.scala:41)[0m[0m
[0m[[0m[0minfo[0m] [0m[0m[31m  at simpret.interpreter.Interpreter$.eval(Interpreter.scala:311)[0m[0m
[0m[[0m[0minfo[0m] [0m[0m[31m  at simpret.MainTestInterpreter.fixAutoTest(MainTestInterpreter.scala:111)[0m[0m
[0m[[0m[0minfo[0m] [0m[0m[31m  at simpret.MainTestLab2.testFun$proxy2$1(MainTestLab2.scala:21)[0m[0m
[0m[[0m[0minfo[0m] [0m[0m[31m  at simpret.MainTestLab2.$init$$$anonfun$2$$anonfun$1(MainTestLab2.scala:22)[0m[0m
[0m[[0m[0minfo[0m] [0m[0m[31m  at org.scalatest.funsuite.AnyFunSuiteLike.testImpl$$anonfun$1(AnyFunSuiteLike.scala:125)[0m[0m
[0m[[0m[0minfo[0m] [0m[0m[31m  at org.scalatest.Transformer.apply$$anonfun$1(Transformer.scala:22)[0m[0m
[0m[[0m[0minfo[0m] [0m[0m[31m  ...[0m[0m
[0m[[0m[0minfo[0m] [0m[0m[31m- fixpoint test case_3_factorial_0.sint *** FAILED ***[0m[0m
[0m[[0m[0minfo[0m] [0m[0m[31m  java.util.NoSuchElementException: None.get[0m[0m
[0m[[0m[0minfo[0m] [0m[0m[31m  at scala.None$.get(Option.scala:627)[0m[0m
[0m[[0m[0minfo[0m] [0m[0m[31m  at scala.None$.get(Option.scala:626)[0m[0m
[0m[[0m[0minfo[0m] [0m[0m[31m  at simpret.interpreter.Interpreter$.step(Interpreter.scala:45)[0m[0m
[0m[[0m[0minfo[0m] [0m[0m[31m  at simpret.interpreter.Interpreter$.eval(Interpreter.scala:311)[0m[0m
[0m[[0m[0minfo[0m] [0m[0m[31m  at simpret.MainTestInterpreter.fixAutoTest(MainTestInterpreter.scala:111)[0m[0m
[0m[[0m[0minfo[0m] [0m[0m[31m  at simpret.MainTestLab2.testFun$proxy2$1(MainTestLab2.scala:21)[0m[0m
[0m[[0m[0minfo[0m] [0m[0m[31m  at simpret.MainTestLab2.$init$$$anonfun$2$$anonfun$1(MainTestLab2.scala:22)[0m[0m
[0m[[0m[0minfo[0m] [0m[0m[31m  at org.scalatest.funsuite.AnyFunSuiteLike.testImpl$$anonfun$1(AnyFunSuiteLike.scala:125)[0m[0m
[0m[[0m[0minfo[0m] [0m[0m[31m  at org.scalatest.Transformer.apply$$anonfun$1(Transformer.scala:22)[0m[0m
[0m[[0m[0minfo[0m] [0m[0m[31m  at org.scalatest.OutcomeOf.outcomeOf(OutcomeOf.scala:85)[0m[0m
[0m[[0m[0minfo[0m] [0m[0m[31m  ...[0m[0m
[0m[[0m[0minfo[0m] [0m[0m[31m- fixpoint test case_3_factorial_1.sint *** FAILED ***[0m[0m
[0m[[0m[0minfo[0m] [0m[0m[31m  java.util.NoSuchElementException: None.get[0m[0m
[0m[[0m[0minfo[0m] [0m[0m[31m  at scala.None$.get(Option.scala:627)[0m[0m
[0m[[0m[0minfo[0m] [0m[0m[31m  at scala.None$.get(Option.scala:626)[0m[0m
[0m[[0m[0minfo[0m] [0m[0m[31m  at simpret.interpreter.Interpreter$.step(Interpreter.scala:45)[0m[0m
[0m[[0m[0minfo[0m] [0m[0m[31m  at simpret.interpreter.Interpreter$.eval(Interpreter.scala:311)[0m[0m
[0m[[0m[0minfo[0m] [0m[0m[31m  at simpret.MainTestInterpreter.fixAutoTest(MainTestInterpreter.scala:111)[0m[0m
[0m[[0m[0minfo[0m] [0m[0m[31m  at simpret.MainTestLab2.testFun$proxy2$1(MainTestLab2.scala:21)[0m[0m
[0m[[0m[0minfo[0m] [0m[0m[31m  at simpret.MainTestLab2.$init$$$anonfun$2$$anonfun$1(MainTestLab2.scala:22)[0m[0m
[0m[[0m[0minfo[0m] [0m[0m[31m  at org.scalatest.funsuite.AnyFunSuiteLike.testImpl$$anonfun$1(AnyFunSuiteLike.scala:125)[0m[0m
[0m[[0m[0minfo[0m] [0m[0m[31m  at org.scalatest.Transformer.apply$$anonfun$1(Transformer.scala:22)[0m[0m
[0m[[0m[0minfo[0m] [0m[0m[31m  at org.scalatest.OutcomeOf.outcomeOf(OutcomeOf.scala:85)[0m[0m
[0m[[0m[0minfo[0m] [0m[0m[31m  ...[0m[0m
[0m[[0m[0minfo[0m] [0m[0m[31m- fixpoint test case_3_factorial_2.sint *** FAILED ***[0m[0m
[0m[[0m[0minfo[0m] [0m[0m[31m  java.util.NoSuchElementException: None.get[0m[0m
[0m[[0m[0minfo[0m] [0m[0m[31m  at scala.None$.get(Option.scala:627)[0m[0m
[0m[[0m[0minfo[0m] [0m[0m[31m  at scala.None$.get(Option.scala:626)[0m[0m
[0m[[0m[0minfo[0m] [0m[0m[31m  at simpret.interpreter.Interpreter$.step(Interpreter.scala:45)[0m[0m
[0m[[0m[0minfo[0m] [0m[0m[31m  at simpret.interpreter.Interpreter$.eval(Interpreter.scala:311)[0m[0m
[0m[[0m[0minfo[0m] [0m[0m[31m  at simpret.MainTestInterpreter.fixAutoTest(MainTestInterpreter.scala:111)[0m[0m
[0m[[0m[0minfo[0m] [0m[0m[31m  at simpret.MainTestLab2.testFun$proxy2$1(MainTestLab2.scala:21)[0m[0m
[0m[[0m[0minfo[0m] [0m[0m[31m  at simpret.MainTestLab2.$init$$$anonfun$2$$anonfun$1(MainTestLab2.scala:22)[0m[0m
[0m[[0m[0minfo[0m] [0m[0m[31m  at org.scalatest.funsuite.AnyFunSuiteLike.testImpl$$anonfun$1(AnyFunSuiteLike.scala:125)[0m[0m
[0m[[0m[0minfo[0m] [0m[0m[31m  at org.scalatest.Transformer.apply$$anonfun$1(Transformer.scala:22)[0m[0m
[0m[[0m[0minfo[0m] [0m[0m[31m  at org.scalatest.OutcomeOf.outcomeOf(OutcomeOf.scala:85)[0m[0m
[0m[[0m[0minfo[0m] [0m[0m[31m  ...[0m[0m
[0m[[0m[0minfo[0m] [0m[0m[31m- typing test add.sint *** FAILED ***[0m[0m
[0m[[0m[0minfo[0m] [0m[0m[31m  simpret.typechecker.Typechecker.apply(ast).isLeft was false, but it should not be typable (MainTestInterpreter.scala:88)[0m[0m
[0m[[0m[0minfo[0m] [0m[0m[31m- typing test app.sint *** FAILED ***[0m[0m
[0m[[0m[0minfo[0m] [0m[0m[31m  simpret.typechecker.Typechecker.apply(ast).isLeft was false, but it should not be typable (MainTestInterpreter.scala:88)[0m[0m
[0m[[0m[0minfo[0m] [0m[0m[31m- typing test app_2.sint *** FAILED ***[0m[0m
[0m[[0m[0minfo[0m] [0m[0m[31m  simpret.typechecker.Typechecker.apply(ast).isLeft was false, but it should not be typable (MainTestInterpreter.scala:88)[0m[0m
[0m[[0m[0minfo[0m] [0m[0m[31m- typing test fix.sint *** FAILED ***[0m[0m
[0m[[0m[0minfo[0m] [0m[0m[31m  simpret.typechecker.Typechecker.apply(ast).isLeft was false, but it should not be typable (MainTestInterpreter.scala:88)[0m[0m
[0m[[0m[0minfo[0m] [0m[0m[31m- typing test fix_2.sint *** FAILED ***[0m[0m
[0m[[0m[0minfo[0m] [0m[0m[31m  simpret.typechecker.Typechecker.apply(ast).isLeft was false, but it should not be typable (MainTestInterpreter.scala:88)[0m[0m
[0m[[0m[0minfo[0m] [0m[0m[31m- typing test fix_3.sint *** FAILED ***[0m[0m
[0m[[0m[0minfo[0m] [0m[0m[31m  simpret.typechecker.Typechecker.apply(ast).isLeft was false, but it should not be typable (MainTestInterpreter.scala:88)[0m[0m
[0m[[0m[0minfo[0m] [0m[0m[31m- typing test fix_4.sint *** FAILED ***[0m[0m
[0m[[0m[0minfo[0m] [0m[0m[31m  simpret.typechecker.Typechecker.apply(ast).isLeft was false, but it should not be typable (MainTestInterpreter.scala:88)[0m[0m
[0m[[0m[0minfo[0m] [0m[0m[31m- typing test fix_5.sint *** FAILED ***[0m[0m
[0m[[0m[0minfo[0m] [0m[0m[31m  simpret.typechecker.Typechecker.apply(ast).isLeft was false, but it should not be typable (MainTestInterpreter.scala:88)[0m[0m
[0m[[0m[0minfo[0m] [0m[0m[31m- typing test headType.sint *** FAILED ***[0m[0m
[0m[[0m[0minfo[0m] [0m[0m[31m  simpret.typechecker.Typechecker.apply(ast).isLeft was false, but it should not be typable (MainTestInterpreter.scala:88)[0m[0m
[0m[[0m[0minfo[0m] [0m[0m[31m- typing test if.sint *** FAILED ***[0m[0m
[0m[[0m[0minfo[0m] [0m[0m[31m  simpret.typechecker.Typechecker.apply(ast).isLeft was false, but it should not be typable (MainTestInterpreter.scala:88)[0m[0m
[0m[[0m[0minfo[0m] [0m[0m[31m- typing test if_2.sint *** FAILED ***[0m[0m
[0m[[0m[0minfo[0m] [0m[0m[31m  simpret.typechecker.Typechecker.apply(ast).isLeft was false, but it should not be typable (MainTestInterpreter.scala:88)[0m[0m
[0m[[0m[0minfo[0m] [0m[0m[31m- typing test isNilType.sint *** FAILED ***[0m[0m
[0m[[0m[0minfo[0m] [0m[0m[31m  simpret.typechecker.Typechecker.apply(ast).isLeft was false, but it should not be typable (MainTestInterpreter.scala:88)[0m[0m
[0m[[0m[0minfo[0m] [0m[0m[31m- typing test lessThan.sint *** FAILED ***[0m[0m
[0m[[0m[0minfo[0m] [0m[0m[31m  simpret.typechecker.Typechecker.apply(ast).isLeft was false, but it should not be typable (MainTestInterpreter.scala:88)[0m[0m
[0m[[0m[0minfo[0m] [0m[0m[31m- typing test let.sint *** FAILED ***[0m[0m
[0m[[0m[0minfo[0m] [0m[0m[31m  simpret.typechecker.Typechecker.apply(ast).isLeft was false, but it should not be typable (MainTestInterpreter.scala:88)[0m[0m
[0m[[0m[0minfo[0m] [0m[0m[31m- typing test listMixedType.sint *** FAILED ***[0m[0m
[0m[[0m[0minfo[0m] [0m[0m[31m  simpret.typechecker.Typechecker.apply(ast).isLeft was false, but it should not be typable (MainTestInterpreter.scala:88)[0m[0m
[0m[[0m[0minfo[0m] [0m[0m[31m- typing test listMixup.sint *** FAILED ***[0m[0m
[0m[[0m[0minfo[0m] [0m[0m[31m  simpret.typechecker.Typechecker.apply(ast).isLeft was false, but it should not be typable (MainTestInterpreter.scala:88)[0m[0m
[0m[[0m[0minfo[0m] [0m[0m[31m- typing test minus.sint *** FAILED ***[0m[0m
[0m[[0m[0minfo[0m] [0m[0m[31m  simpret.typechecker.Typechecker.apply(ast).isLeft was false, but it should not be typable (MainTestInterpreter.scala:88)[0m[0m
[0m[[0m[0minfo[0m] [0m[0m[31m- typing test recordMemberUntyped.sint *** FAILED ***[0m[0m
[0m[[0m[0minfo[0m] [0m[0m[31m  simpret.typechecker.Typechecker.apply(ast).isLeft was false, but it should not be typable (MainTestInterpreter.scala:88)[0m[0m
[0m[[0m[0minfo[0m] [0m[0m[31m- typing test recordProj.sint *** FAILED ***[0m[0m
[0m[[0m[0minfo[0m] [0m[0m[31m  simpret.typechecker.Typechecker.apply(ast).isLeft was false, but it should not be typable (MainTestInterpreter.scala:88)[0m[0m
[0m[[0m[0minfo[0m] [0m[0m[31m- typing test recordWrongName.sint *** FAILED ***[0m[0m
[0m[[0m[0minfo[0m] [0m[0m[31m  simpret.typechecker.Typechecker.apply(ast).isLeft was false, but it should not be typable (MainTestInterpreter.scala:88)[0m[0m
[0m[[0m[0minfo[0m] [0m[0m[31m- typing test recordWrongName_2.sint *** FAILED ***[0m[0m
[0m[[0m[0minfo[0m] [0m[0m[31m  simpret.typechecker.Typechecker.apply(ast).isLeft was false, but it should not be typable (MainTestInterpreter.scala:88)[0m[0m
[0m[[0m[0minfo[0m] [0m[0m[31m- typing test tailType.sint *** FAILED ***[0m[0m
[0m[[0m[0minfo[0m] [0m[0m[31m  simpret.typechecker.Typechecker.apply(ast).isLeft was false, but it should not be typable (MainTestInterpreter.scala:88)[0m[0m
[0m[[0m[0minfo[0m] [0m[0m[31m- typing test tupleOutOfBound.sint *** FAILED ***[0m[0m
[0m[[0m[0minfo[0m] [0m[0m[31m  simpret.typechecker.Typechecker.apply(ast).isLeft was false, but it should not be typable (MainTestInterpreter.scala:88)[0m[0m
[0m[[0m[0minfo[0m] [0m[0m[31m- typing test tupleOutOfBound_2.sint *** FAILED ***[0m[0m
[0m[[0m[0minfo[0m] [0m[0m[31m  simpret.typechecker.Typechecker.apply(ast).isLeft was false, but it should not be typable (MainTestInterpreter.scala:88)[0m[0m
[0m[[0m[0minfo[0m] [0m[0m[31m- typing test tuple_1.sint *** FAILED ***[0m[0m
[0m[[0m[0minfo[0m] [0m[0m[31m  simpret.typechecker.Typechecker.apply(ast).isLeft was false, but it should not be typable (MainTestInterpreter.scala:88)[0m[0m
[0m[[0m[0minfo[0m] [0m[0m[31m- typing test tuple_2.sint *** FAILED ***[0m[0m
[0m[[0m[0minfo[0m] [0m[0m[31m  simpret.typechecker.Typechecker.apply(ast).isLeft was false, but it should not be typable (MainTestInterpreter.scala:88)[0m[0m
[0m[[0m[0minfo[0m] [0m[0m[31m- typing test unboundVariable.sint *** FAILED ***[0m[0m
[0m[[0m[0minfo[0m] [0m[0m[31m  simpret.typechecker.Typechecker.apply(ast).isLeft was false, but it should not be typable (MainTestInterpreter.scala:88)[0m[0m
[0m[[0m[0minfo[0m] [0m[0m[31m- typing test var.sint *** FAILED ***[0m[0m
[0m[[0m[0minfo[0m] [0m[0m[31m  simpret.typechecker.Typechecker.apply(ast).isLeft was false, but it should not be typable (MainTestInterpreter.scala:88)[0m[0m
[0m[[0m[0minfo[0m] [0m[0m[36mRun completed in 453 milliseconds.[0m[0m
[0m[[0m[0minfo[0m] [0m[0m[36mTotal number of tests run: 86[0m[0m
[0m[[0m[0minfo[0m] [0m[0m[36mSuites: completed 3, aborted 0[0m[0m
[0m[[0m[0minfo[0m] [0m[0m[36mTests: succeeded 24, failed 62, canceled 0, ignored 0, pending 0[0m[0m
[0m[[0m[0minfo[0m] [0m[0m[31m*** 62 TESTS FAILED ***[0m[0m
[0m[[0m[31merror[0m] [0m[0mFailed tests:[0m
[0m[[0m[31merror[0m] [0m[0m	simpret.MainTestLab2[0m
[0m[[0m[31merror[0m] [0m[0m	simpret.MainTestLab1[0m
[0m[[0m[31merror[0m] [0m[0m(Test / [31mtest[0m) sbt.TestsFailedException: Tests unsuccessful[0m
[0m[[0m[31merror[0m] [0m[0mTotal time: 1 s, completed 11 maj 2022 17:51:37[0m
[0m[[0m[0mdebug[0m] [0m[0m> Exec(shell, None, None)[0m
[0m[[0m[0mdebug[0m] [0m[0mForcing garbage collection...[0m
[0m[[0m[0minfo[0m] [0m[0mshutting down sbt server[0m
